
--- Job Balmorel.gms Start 06/16/26 15:05:27 53.5.1 f2e5fac3 WEX-WEI x86 64bit/MS Windows
--- Applying:
    C:\GAMS\53\gmsprmNT.txt
--- GAMS Parameters defined
    Input "C:\Users\inesm\Desktop\DTU\Spring 2026\LSESAub\Project\LSESAub\Model\model\Balmorel.gms"
    PageSize 0
    ScrDir "C:\Users\inesm\Desktop\DTU\Spring 2026\LSESAub\Project\LSESAub\Model\model\225a\"
    SysDir C:\GAMS\53\
    LogOption 3
    AppendLog 1
    ErrMsg 1
    ErrorLog 99
    IDE 1
    LstTitleLeftAligned 1
Licensee: Large MUD - 20 User License                    G251106+0003Ac-GEN
          Technical University of Denmark, Management Engineering    DC8611
          C:\Users\inesm\Documents\GAMS\gamslice.txt
          556f6a85-f5d8-4c6d
          v:2                                                              
          The maintenance period of the license expires on Dec 31, 2026
System information: 10 physical cores and 16 Gb physical memory detected
GAMS 53.5.1   Copyright (C) 1987-2026 GAMS Development. All rights reserved
--- Starting compilation
--- Balmorel.gms(42) 2 Mb 1 Error
*** Error 282 in C:\Users\inesm\Desktop\DTU\Spring 2026\LSESAub\Project\LSESAub\Model\model\Balmorel.gms
    Unable to open include file
       Hint: Does the filename need to be quoted?
--- Balmorel.gms(49) 2 Mb 2 Errors
*** Error 282 in C:\Users\inesm\Desktop\DTU\Spring 2026\LSESAub\Project\LSESAub\Model\model\Balmorel.gms
    Unable to open include file
       Hint: Does the filename need to be quoted?
--- Balmorel.gms(90) 2 Mb 3 Errors
*** Error 409 in C:\Users\inesm\Desktop\DTU\Spring 2026\LSESAub\Project\LSESAub\Model\model\Balmorel.gms
    Unrecognizable item - skip to find a new statement
      looking for a ';' or a key word to get started again
--- Balmorel.gms(99) 2 Mb 4 Errors
*** Error 282 in C:\Users\inesm\Desktop\DTU\Spring 2026\LSESAub\Project\LSESAub\Model\model\Balmorel.gms
    Unable to open include file
       Hint: Does the filename need to be quoted?
--- Balmorel.gms(210) 2 Mb 4 Errors
*** Status: Compilation error(s)
--- Job Balmorel.gms Stop 06/16/26 15:05:27 elapsed 0:00:00.017
