
The input data was investigated for obvious errors.
Investigation is only performed for data that are to be included in the model.

Possible Error: The Full Load Hours calculated on (S,T) from the variation profile DH_VAR_T is not close to the Full Load Hours calculated on (SSS,TTT) for area   NO1_A2                          , user group RESH        : 3039 against 2474: The heat demand variation DH_VAR_T,,S,T) appears mostly to be closer to the peak than expected from DH_VAR_T(,,SSS,TTT).
Possible Error: The Full Load Hours calculated on (S,T) from the variation profile DH_VAR_T is not close to the Full Load Hours calculated on (SSS,TTT) for area   NO3_A2                          , user group RESH        : 2890 against 2592: The heat demand variation DH_VAR_T,,S,T) appears mostly to be closer to the peak than expected from DH_VAR_T(,,SSS,TTT).
Possible Error: The Full Load Hours calculated on (S,T) from the variation profile DH_VAR_T is not close to the Full Load Hours calculated on (SSS,TTT) for area   NO4_A2                          , user group RESH        : 3281 against 2767: The heat demand variation DH_VAR_T,,S,T) appears mostly to be closer to the peak than expected from DH_VAR_T(,,SSS,TTT).
Possible Error: The Full Load Hours calculated on (S,T) from the variation profile DH_VAR_T is not close to the Full Load Hours calculated on (SSS,TTT) for area   NO5_A2                          , user group RESH        : 2895 against 2471: The heat demand variation DH_VAR_T,,S,T) appears mostly to be closer to the peak than expected from DH_VAR_T(,,SSS,TTT).
Possible Error: The Full Load Hours calculated on (S,T) from the variation profile DH_VAR_T is not close to the Full Load Hours calculated on (SSS,TTT) for area   DK1_Large                       , user group RESH        : 4317 against 3695: The heat demand variation DH_VAR_T,,S,T) appears mostly to be closer to the peak than expected from DH_VAR_T(,,SSS,TTT).
Possible Error: The Full Load Hours calculated on (S,T) from the variation profile DH_VAR_T is not close to the Full Load Hours calculated on (SSS,TTT) for area   DK2_Large                       , user group RESH        : 4318 against 3694: The heat demand variation DH_VAR_T,,S,T) appears mostly to be closer to the peak than expected from DH_VAR_T(,,SSS,TTT).
   The above check on reasonable consistency between the FLHs calculated from the input variation profile over (SSS,TTT) (the whole year) and over (S,T) (the time segments selected):
   For the calculation and check to make sense is must be assumed that DE_VAR_T and DH_VAR_T are given for a whole year, i.e., CARD(SSS)*CARD(TTT) = 8736 ('whole' year).
   It is also assumed that the weights of the segments is in such full-year case the same for all (SSS,TTT), i.e., the corresponding IHOURSINST(SSS,TTT) are the same for all time segments.
   The above check on Full Load Hours FLH was made with a tolerance on the quotient of 0.100.
   CARD(S)*CARD(T) is  672, if this number is much smaller than 8736 this may be the explanation, e.g. if the S and T selected do not contain DE_VAR_T or DH_VAR_T values that are representative for the whole year.
#
Possible Error: The Full Load Hours calculated on (S,T) from the variation profile given by WTRRSVAR_S is not close to the value given in WTRRSFLH for area NO1_A1                          :    8 against 3018: The generation profile in the simulation appears mostly to be further from the (higher) peak than expected from WTRRSVAR_S(AAA,SSS,TTT).
Possible Error: The Full Load Hours calculated on (S,T) from the variation profile given by WTRRSVAR_S is not close to the value given in WTRRSFLH for area NO1_A1                          :    8 against 3018: The generation profile in the simulation appears mostly to be further from the (higher) peak than expected from WTRRSVAR_S(AAA,SSS,TTT).
Possible Error: The Full Load Hours calculated on (S,T) from the variation profile given by WTRRSVAR_S is not close to the value given in WTRRSFLH for area NO1_A1                          :    8 against 3018: The generation profile in the simulation appears mostly to be further from the (higher) peak than expected from WTRRSVAR_S(AAA,SSS,TTT).
Possible Error: The Full Load Hours calculated on (S,T) from the variation profile given by WTRRSVAR_S is not close to the value given in WTRRSFLH for area NO1_A1                          :    8 against 3018: The generation profile in the simulation appears mostly to be further from the (higher) peak than expected from WTRRSVAR_S(AAA,SSS,TTT).
Possible Error: The Full Load Hours calculated on (S,T) from the variation profile given by WTRRSVAR_S is not close to the value given in WTRRSFLH for area NO1_A1                          :    8 against 3018: The generation profile in the simulation appears mostly to be further from the (higher) peak than expected from WTRRSVAR_S(AAA,SSS,TTT).
Possible Error: The Full Load Hours calculated on (S,T) from the variation profile given by WTRRSVAR_S is not close to the value given in WTRRSFLH for area NO1_A1                          :    8 against 3018: The generation profile in the simulation appears mostly to be further from the (higher) peak than expected from WTRRSVAR_S(AAA,SSS,TTT).
Possible Error: The Full Load Hours calculated on (S,T) from the variation profile given by WTRRSVAR_S is not close to the value given in WTRRSFLH for area NO1_A1                          :    8 against 3018: The generation profile in the simulation appears mostly to be further from the (higher) peak than expected from WTRRSVAR_S(AAA,SSS,TTT).
Possible Error: The Full Load Hours calculated on (S,T) from the variation profile given by WTRRSVAR_S is not close to the value given in WTRRSFLH for area NO1_A1                          :    8 against 3018: The generation profile in the simulation appears mostly to be further from the (higher) peak than expected from WTRRSVAR_S(AAA,SSS,TTT).
Possible Error: The Full Load Hours calculated on (S,T) from the variation profile given by WTRRSVAR_S is not close to the value given in WTRRSFLH for area NO1_A1                          :    8 against 3018: The generation profile in the simulation appears mostly to be further from the (higher) peak than expected from WTRRSVAR_S(AAA,SSS,TTT).
Possible Error: The Full Load Hours calculated on (S,T) from the variation profile given by WTRRSVAR_S is not close to the value given in WTRRSFLH for area NO1_A1                          :    8 against 3018: The generation profile in the simulation appears mostly to be further from the (higher) peak than expected from WTRRSVAR_S(AAA,SSS,TTT).
Possible Error: The Full Load Hours calculated on (S,T) from the variation profile given by WTRRSVAR_S is not close to the value given in WTRRSFLH for area NO2_A1                          :   10 against 4225: The generation profile in the simulation appears mostly to be further from the (higher) peak than expected from WTRRSVAR_S(AAA,SSS,TTT).
Possible Error: The Full Load Hours calculated on (S,T) from the variation profile given by WTRRSVAR_S is not close to the value given in WTRRSFLH for area NO2_A1                          :   10 against 4225: The generation profile in the simulation appears mostly to be further from the (higher) peak than expected from WTRRSVAR_S(AAA,SSS,TTT).
Possible Error: The Full Load Hours calculated on (S,T) from the variation profile given by WTRRSVAR_S is not close to the value given in WTRRSFLH for area NO2_A1                          :   10 against 4225: The generation profile in the simulation appears mostly to be further from the (higher) peak than expected from WTRRSVAR_S(AAA,SSS,TTT).
Possible Error: The Full Load Hours calculated on (S,T) from the variation profile given by WTRRSVAR_S is not close to the value given in WTRRSFLH for area NO2_A1                          :   10 against 4225: The generation profile in the simulation appears mostly to be further from the (higher) peak than expected from WTRRSVAR_S(AAA,SSS,TTT).
Possible Error: The Full Load Hours calculated on (S,T) from the variation profile given by WTRRSVAR_S is not close to the value given in WTRRSFLH for area NO2_A1                          :   10 against 4225: The generation profile in the simulation appears mostly to be further from the (higher) peak than expected from WTRRSVAR_S(AAA,SSS,TTT).
Possible Error: The Full Load Hours calculated on (S,T) from the variation profile given by WTRRSVAR_S is not close to the value given in WTRRSFLH for area NO2_A1                          :   10 against 4225: The generation profile in the simulation appears mostly to be further from the (higher) peak than expected from WTRRSVAR_S(AAA,SSS,TTT).
Possible Error: The Full Load Hours calculated on (S,T) from the variation profile given by WTRRSVAR_S is not close to the value given in WTRRSFLH for area NO2_A1                          :   10 against 4225: The generation profile in the simulation appears mostly to be further from the (higher) peak than expected from WTRRSVAR_S(AAA,SSS,TTT).
Possible Error: The Full Load Hours calculated on (S,T) from the variation profile given by WTRRSVAR_S is not close to the value given in WTRRSFLH for area NO2_A1                          :   10 against 4225: The generation profile in the simulation appears mostly to be further from the (higher) peak than expected from WTRRSVAR_S(AAA,SSS,TTT).
Possible Error: The Full Load Hours calculated on (S,T) from the variation profile given by WTRRSVAR_S is not close to the value given in WTRRSFLH for area NO2_A1                          :   10 against 4225: The generation profile in the simulation appears mostly to be further from the (higher) peak than expected from WTRRSVAR_S(AAA,SSS,TTT).
Possible Error: The Full Load Hours calculated on (S,T) from the variation profile given by WTRRSVAR_S is not close to the value given in WTRRSFLH for area NO2_A1                          :   10 against 4225: The generation profile in the simulation appears mostly to be further from the (higher) peak than expected from WTRRSVAR_S(AAA,SSS,TTT).
Possible Error: The Full Load Hours calculated on (S,T) from the variation profile given by WTRRSVAR_S is not close to the value given in WTRRSFLH for area NO2_A1                          :   10 against 4225: The generation profile in the simulation appears mostly to be further from the (higher) peak than expected from WTRRSVAR_S(AAA,SSS,TTT).
Possible Error: The Full Load Hours calculated on (S,T) from the variation profile given by WTRRSVAR_S is not close to the value given in WTRRSFLH for area NO3_A1                          :    9 against 4441: The generation profile in the simulation appears mostly to be further from the (higher) peak than expected from WTRRSVAR_S(AAA,SSS,TTT).
Possible Error: The Full Load Hours calculated on (S,T) from the variation profile given by WTRRSVAR_S is not close to the value given in WTRRSFLH for area NO3_A1                          :    9 against 4441: The generation profile in the simulation appears mostly to be further from the (higher) peak than expected from WTRRSVAR_S(AAA,SSS,TTT).
Possible Error: The Full Load Hours calculated on (S,T) from the variation profile given by WTRRSVAR_S is not close to the value given in WTRRSFLH for area NO3_A1                          :    9 against 4441: The generation profile in the simulation appears mostly to be further from the (higher) peak than expected from WTRRSVAR_S(AAA,SSS,TTT).
Possible Error: The Full Load Hours calculated on (S,T) from the variation profile given by WTRRSVAR_S is not close to the value given in WTRRSFLH for area NO3_A1                          :    9 against 4441: The generation profile in the simulation appears mostly to be further from the (higher) peak than expected from WTRRSVAR_S(AAA,SSS,TTT).
Possible Error: The Full Load Hours calculated on (S,T) from the variation profile given by WTRRSVAR_S is not close to the value given in WTRRSFLH for area NO3_A1                          :    9 against 4441: The generation profile in the simulation appears mostly to be further from the (higher) peak than expected from WTRRSVAR_S(AAA,SSS,TTT).
Possible Error: The Full Load Hours calculated on (S,T) from the variation profile given by WTRRSVAR_S is not close to the value given in WTRRSFLH for area NO3_A1                          :    9 against 4441: The generation profile in the simulation appears mostly to be further from the (higher) peak than expected from WTRRSVAR_S(AAA,SSS,TTT).
Possible Error: The Full Load Hours calculated on (S,T) from the variation profile given by WTRRSVAR_S is not close to the value given in WTRRSFLH for area NO3_A1                          :    9 against 4441: The generation profile in the simulation appears mostly to be further from the (higher) peak than expected from WTRRSVAR_S(AAA,SSS,TTT).
Possible Error: The Full Load Hours calculated on (S,T) from the variation profile given by WTRRSVAR_S is not close to the value given in WTRRSFLH for area NO3_A1                          :    9 against 4441: The generation profile in the simulation appears mostly to be further from the (higher) peak than expected from WTRRSVAR_S(AAA,SSS,TTT).
Possible Error: The Full Load Hours calculated on (S,T) from the variation profile given by WTRRSVAR_S is not close to the value given in WTRRSFLH for area NO3_A1                          :    9 against 4441: The generation profile in the simulation appears mostly to be further from the (higher) peak than expected from WTRRSVAR_S(AAA,SSS,TTT).
Possible Error: The Full Load Hours calculated on (S,T) from the variation profile given by WTRRSVAR_S is not close to the value given in WTRRSFLH for area NO3_A1                          :    9 against 4441: The generation profile in the simulation appears mostly to be further from the (higher) peak than expected from WTRRSVAR_S(AAA,SSS,TTT).
Possible Error: The Full Load Hours calculated on (S,T) from the variation profile given by WTRRSVAR_S is not close to the value given in WTRRSFLH for area NO3_A1                          :    9 against 4441: The generation profile in the simulation appears mostly to be further from the (higher) peak than expected from WTRRSVAR_S(AAA,SSS,TTT).
Possible Error: The Full Load Hours calculated on (S,T) from the variation profile given by WTRRSVAR_S is not close to the value given in WTRRSFLH for area NO4_A1                          :    8 against 5022: The generation profile in the simulation appears mostly to be further from the (higher) peak than expected from WTRRSVAR_S(AAA,SSS,TTT).
Possible Error: The Full Load Hours calculated on (S,T) from the variation profile given by WTRRSVAR_S is not close to the value given in WTRRSFLH for area NO4_A1                          :    8 against 5022: The generation profile in the simulation appears mostly to be further from the (higher) peak than expected from WTRRSVAR_S(AAA,SSS,TTT).
Possible Error: The Full Load Hours calculated on (S,T) from the variation profile given by WTRRSVAR_S is not close to the value given in WTRRSFLH for area NO4_A1                          :    8 against 5022: The generation profile in the simulation appears mostly to be further from the (higher) peak than expected from WTRRSVAR_S(AAA,SSS,TTT).
Possible Error: The Full Load Hours calculated on (S,T) from the variation profile given by WTRRSVAR_S is not close to the value given in WTRRSFLH for area NO4_A1                          :    8 against 5022: The generation profile in the simulation appears mostly to be further from the (higher) peak than expected from WTRRSVAR_S(AAA,SSS,TTT).
Possible Error: The Full Load Hours calculated on (S,T) from the variation profile given by WTRRSVAR_S is not close to the value given in WTRRSFLH for area NO4_A1                          :    8 against 5022: The generation profile in the simulation appears mostly to be further from the (higher) peak than expected from WTRRSVAR_S(AAA,SSS,TTT).
Possible Error: The Full Load Hours calculated on (S,T) from the variation profile given by WTRRSVAR_S is not close to the value given in WTRRSFLH for area NO4_A1                          :    8 against 5022: The generation profile in the simulation appears mostly to be further from the (higher) peak than expected from WTRRSVAR_S(AAA,SSS,TTT).
Possible Error: The Full Load Hours calculated on (S,T) from the variation profile given by WTRRSVAR_S is not close to the value given in WTRRSFLH for area NO4_A1                          :    8 against 5022: The generation profile in the simulation appears mostly to be further from the (higher) peak than expected from WTRRSVAR_S(AAA,SSS,TTT).
Possible Error: The Full Load Hours calculated on (S,T) from the variation profile given by WTRRSVAR_S is not close to the value given in WTRRSFLH for area NO4_A1                          :    8 against 5022: The generation profile in the simulation appears mostly to be further from the (higher) peak than expected from WTRRSVAR_S(AAA,SSS,TTT).
Possible Error: The Full Load Hours calculated on (S,T) from the variation profile given by WTRRSVAR_S is not close to the value given in WTRRSFLH for area NO4_A1                          :    8 against 5022: The generation profile in the simulation appears mostly to be further from the (higher) peak than expected from WTRRSVAR_S(AAA,SSS,TTT).
Possible Error: The Full Load Hours calculated on (S,T) from the variation profile given by WTRRSVAR_S is not close to the value given in WTRRSFLH for area NO4_A1                          :    8 against 5022: The generation profile in the simulation appears mostly to be further from the (higher) peak than expected from WTRRSVAR_S(AAA,SSS,TTT).
Possible Error: The Full Load Hours calculated on (S,T) from the variation profile given by WTRRSVAR_S is not close to the value given in WTRRSFLH for area NO5_A1                          :    8 against 4247: The generation profile in the simulation appears mostly to be further from the (higher) peak than expected from WTRRSVAR_S(AAA,SSS,TTT).
Possible Error: The Full Load Hours calculated on (S,T) from the variation profile given by WTRRSVAR_S is not close to the value given in WTRRSFLH for area NO5_A1                          :    8 against 4247: The generation profile in the simulation appears mostly to be further from the (higher) peak than expected from WTRRSVAR_S(AAA,SSS,TTT).
Possible Error: The Full Load Hours calculated on (S,T) from the variation profile given by WTRRSVAR_S is not close to the value given in WTRRSFLH for area NO5_A1                          :    8 against 4247: The generation profile in the simulation appears mostly to be further from the (higher) peak than expected from WTRRSVAR_S(AAA,SSS,TTT).
Possible Error: The Full Load Hours calculated on (S,T) from the variation profile given by WTRRSVAR_S is not close to the value given in WTRRSFLH for area NO5_A1                          :    8 against 4247: The generation profile in the simulation appears mostly to be further from the (higher) peak than expected from WTRRSVAR_S(AAA,SSS,TTT).
Possible Error: The Full Load Hours calculated on (S,T) from the variation profile given by WTRRSVAR_S is not close to the value given in WTRRSFLH for area NO5_A1                          :    8 against 4247: The generation profile in the simulation appears mostly to be further from the (higher) peak than expected from WTRRSVAR_S(AAA,SSS,TTT).
Possible Error: The Full Load Hours calculated on (S,T) from the variation profile given by WTRRSVAR_S is not close to the value given in WTRRSFLH for area NO5_A1                          :    8 against 4247: The generation profile in the simulation appears mostly to be further from the (higher) peak than expected from WTRRSVAR_S(AAA,SSS,TTT).
Possible Error: The Full Load Hours calculated on (S,T) from the variation profile given by WTRRSVAR_S is not close to the value given in WTRRSFLH for area NO5_A1                          :    8 against 4247: The generation profile in the simulation appears mostly to be further from the (higher) peak than expected from WTRRSVAR_S(AAA,SSS,TTT).
Possible Error: The Full Load Hours calculated on (S,T) from the variation profile given by WTRRSVAR_S is not close to the value given in WTRRSFLH for area NO5_A1                          :    8 against 4247: The generation profile in the simulation appears mostly to be further from the (higher) peak than expected from WTRRSVAR_S(AAA,SSS,TTT).
Possible Error: The Full Load Hours calculated on (S,T) from the variation profile given by WTRRSVAR_S is not close to the value given in WTRRSFLH for area NO5_A1                          :    8 against 4247: The generation profile in the simulation appears mostly to be further from the (higher) peak than expected from WTRRSVAR_S(AAA,SSS,TTT).
Possible Error: The Full Load Hours calculated on (S,T) from the variation profile given by WTRRSVAR_S is not close to the value given in WTRRSFLH for area NO5_A1                          :    8 against 4247: The generation profile in the simulation appears mostly to be further from the (higher) peak than expected from WTRRSVAR_S(AAA,SSS,TTT).
Possible Error: The Full Load Hours calculated on (S,T) from the variation profile given by WTRRSVAR_S is not close to the value given in WTRRSFLH for area NO5_A1                          :    8 against 4247: The generation profile in the simulation appears mostly to be further from the (higher) peak than expected from WTRRSVAR_S(AAA,SSS,TTT).
   The above check on Full Load Hours FLH was made with a tolerance on the quotient of 0.100
   CARD(S)*CARD(T) is  672, if this number is much smaller than 8736 this may be the explanation, e.g. if the S and T selected do not contain VAR_T values that are representative for the whole year.
#
Possible Error: The Full Load Hours calculated on (S,T) from the variation profile given by WTRRRVAR_S is not close to the value given in WTRRRFLH for area NO2_A1                          : 4081 against 4734: The generation profile in the simulation appears mostly to be further from the (higher) peak than expected from WTRRRVAR_T(AAA,SSS,TTT).
Possible Error: The Full Load Hours calculated on (S,T) from the variation profile given by WTRRRVAR_S is not close to the value given in WTRRRFLH for area NO4_A1                          : 3135 against 3844: The generation profile in the simulation appears mostly to be further from the (higher) peak than expected from WTRRRVAR_T(AAA,SSS,TTT).
Possible Error: The Full Load Hours calculated on (S,T) from the variation profile given by WTRRRVAR_S is not close to the value given in WTRRRFLH for area NO5_A1                          : 3543 against 5285: The generation profile in the simulation appears mostly to be further from the (higher) peak than expected from WTRRRVAR_T(AAA,SSS,TTT).
Possible Error: The Full Load Hours calculated on (S,T) from the variation profile given by WTRRRVAR_S is not close to the value given in WTRRRFLH for area DK2_NoDH                        : 4081 against 4820: The generation profile in the simulation appears mostly to be further from the (higher) peak than expected from WTRRRVAR_T(AAA,SSS,TTT).
Possible Error: The Full Load Hours calculated on (S,T) from the variation profile given by WTRRRVAR_S is not close to the value given in WTRRRFLH for area DK1_NoDH                        : 4081 against 4820: The generation profile in the simulation appears mostly to be further from the (higher) peak than expected from WTRRRVAR_T(AAA,SSS,TTT).
   The above check on Full Load Hours FLH was made with a tolerance on the quotient of 0.100
   CARD(S)*CARD(T) is  672, if this number is much smaller than 8736 this may be the explanation, e.g. if the S and T selected do not contain VAR_T values that are representative for the whole year.
#
Possible Error: The Full Load Hours calculated on (S,T) from the variation profile given by SOLEVAR_S  is not close to the value given in SOLEFLH  for area NO1_A1                          : 1181 against 1022: The generation profile in the simulation appears mostly to be closer  to the (lower) peak than expected from SOLE_VAR_T(AAA,SSS,TTT).
Possible Error: The Full Load Hours calculated on (S,T) from the variation profile given by SOLEVAR_S  is not close to the value given in SOLEFLH  for area NO2_A1                          : 1309 against 1054: The generation profile in the simulation appears mostly to be closer  to the (lower) peak than expected from SOLE_VAR_T(AAA,SSS,TTT).
Possible Error: The Full Load Hours calculated on (S,T) from the variation profile given by SOLEVAR_S  is not close to the value given in SOLEFLH  for area NO3_A1                          : 1114 against  924: The generation profile in the simulation appears mostly to be closer  to the (lower) peak than expected from SOLE_VAR_T(AAA,SSS,TTT).
Possible Error: The Full Load Hours calculated on (S,T) from the variation profile given by SOLEVAR_S  is not close to the value given in SOLEFLH  for area NO4_A1                          : 1083 against  904: The generation profile in the simulation appears mostly to be closer  to the (lower) peak than expected from SOLE_VAR_T(AAA,SSS,TTT).
Possible Error: The Full Load Hours calculated on (S,T) from the variation profile given by SOLEVAR_S  is not close to the value given in SOLEFLH  for area DK2_NoDH                        : 1450 against 1127: The generation profile in the simulation appears mostly to be closer  to the (lower) peak than expected from SOLE_VAR_T(AAA,SSS,TTT).
Possible Error: The Full Load Hours calculated on (S,T) from the variation profile given by SOLEVAR_S  is not close to the value given in SOLEFLH  for area DK1_NoDH                        : 1229 against 1086: The generation profile in the simulation appears mostly to be closer  to the (lower) peak than expected from SOLE_VAR_T(AAA,SSS,TTT).
   The above check on Full Load Hours FLH was made with a tolerance on the quotient of 0.100
   CARD(S)*CARD(T) is  672, if this number is much smaller than 8736 this may be the explanation, e.g. if the S and T selected do not contain VAR_T values that are representative for the whole year.
#
Possible Error: The Full Load Hours calculated on (S,T) from the variation profile given by SOLHVAR_S is not close to the value given in SOLHFLH for area DK1_Large                       :  741 against  520: The generation profile in the simulation appears mostly to be closer  to the (lower) peak than expected from SOLH_VAR_T(AAA,SSS,TTT).
Possible Error: The Full Load Hours calculated on (S,T) from the variation profile given by SOLHVAR_S is not close to the value given in SOLHFLH for area DK1_Rural                       :  741 against  520: The generation profile in the simulation appears mostly to be closer  to the (lower) peak than expected from SOLH_VAR_T(AAA,SSS,TTT).
Possible Error: The Full Load Hours calculated on (S,T) from the variation profile given by SOLHVAR_S is not close to the value given in SOLHFLH for area DK1_Medium                      :  741 against  520: The generation profile in the simulation appears mostly to be closer  to the (lower) peak than expected from SOLH_VAR_T(AAA,SSS,TTT).
Possible Error: The Full Load Hours calculated on (S,T) from the variation profile given by SOLHVAR_S is not close to the value given in SOLHFLH for area DK2_Rural                       :  741 against  520: The generation profile in the simulation appears mostly to be closer  to the (lower) peak than expected from SOLH_VAR_T(AAA,SSS,TTT).
Possible Error: The Full Load Hours calculated on (S,T) from the variation profile given by SOLHVAR_S is not close to the value given in SOLHFLH for area DK2_Medium                      :  741 against  520: The generation profile in the simulation appears mostly to be closer  to the (lower) peak than expected from SOLH_VAR_T(AAA,SSS,TTT).
Possible Error: The Full Load Hours calculated on (S,T) from the variation profile given by SOLHVAR_S is not close to the value given in SOLHFLH for area DK2_MedSmall                    :  741 against  520: The generation profile in the simulation appears mostly to be closer  to the (lower) peak than expected from SOLH_VAR_T(AAA,SSS,TTT).
Possible Error: The Full Load Hours calculated on (S,T) from the variation profile given by SOLHVAR_S is not close to the value given in SOLHFLH for area DK1_MedSmall                    :  741 against  520: The generation profile in the simulation appears mostly to be closer  to the (lower) peak than expected from SOLH_VAR_T(AAA,SSS,TTT).
   The above check on Full Load Hours FLH was made with a tolerance on the quotient of 0.100
   CARD(S)*CARD(T) is  672, if this number is much smaller than 8736 this may be the explanation, e.g. if the S and T selected do not contain VAR_T values that are representative for the whole year.
#
                Found no GGG using fuel HEAVYFUELOIL    as specified in GDATA(GGG,'FDACRONYM')
                Found no GGG using fuel ORIMULSION      as specified in GDATA(GGG,'FDACRONYM')
                Found no GGG using fuel RECYCLEDWOOD    as specified in GDATA(GGG,'FDACRONYM')
                Found no GGG using fuel LPG             as specified in GDATA(GGG,'FDACRONYM')
                Found no GGG using fuel WATERRES        as specified in GDATA(GGG,'FDACRONYM')
                Found no GGG using fuel THERMGAS        as specified in GDATA(GGG,'FDACRONYM')
                Found no GGG using fuel COAL_EXETS      as specified in GDATA(GGG,'FDACRONYM')
                Found no GGG using fuel NATGAS_EXETS    as specified in GDATA(GGG,'FDACRONYM')
                Found no GGG using fuel FUELOIL_EXETS   as specified in GDATA(GGG,'FDACRONYM')
                Found no GGG using fuel LPG_EXETS       as specified in GDATA(GGG,'FDACRONYM')
                Found no GGG using fuel HEAVYFUELOIL_EX as specified in GDATA(GGG,'FDACRONYM')
                Found no GGG using fuel COKE            as specified in GDATA(GGG,'FDACRONYM')
Possible Error: Not all elements in fuel set FFF are used in a GGG - OR - some element in fuel set FFF does not have a corresponding acronym.
                Acronyms should be entered in data file FFF.inc, after the final '/;', and must be made as an exact copy of the elements in the set FFF, preceded by the keyword ACRONYM and terminated by ';'.

#
Error in table GDATA:   The fuel efficiency for technology GNR_OFF_HUB_2GW_Y-2020           is very small (   0.00000).
Error in table GDATA:   The fuel efficiency for technology GNR_OFF_HUB_2GW_Y-2030           is very small (   0.00000).
Error in table GDATA:   The fuel efficiency for technology GNR_OFF_HUB_2GW_Y-2040           is very small (   0.00000).
Error in table GDATA:   The fuel efficiency for technology GNR_OFF_HUB_2GW_Y-2050           is very small (   0.00000).
#
Possible error in table GDATA:
   The fuel efficiency for technology GNR_HP_ELEC_COP-1200_Y-2030      is very small or very large (  12.00000).
Possible error in table GDATA:
   The fuel efficiency for technology GNR_HP_ELEC_COP-1800_Y-2050      is very small or very large (  18.00000).
Possible error in table GDATA:
   The fuel efficiency for technology GNR_HP_ELEC_COP-530              is very small or very large (   5.30000).
Possible error in table GDATA:
   The fuel efficiency for technology GNR_HP_ELEC_COP-600              is very small or very large (   6.00000).
Possible error in table GDATA:
   The fuel efficiency for technology GNR_HP_ELEC_COP-600_Y-2030       is very small or very large (   6.00000).
Possible error in table GDATA:
   The fuel efficiency for technology GNR_HP_ELEC_COP-600_Y-2050       is very small or very large (   6.00000).
Possible error in table GDATA:
   The fuel efficiency for technology GNR_HP_ELEC_COP-740_Y-2050       is very small or very large (   7.40000).
Possible error in table GDATA:
   The fuel efficiency for technology GNR_HP_ELEC_COP-900_Y-2020       is very small or very large (   9.00000).
#
Possible error in table GDATA:   The fuel efficiency for technology GNR_ST_WOOD_EXT_E-14             type GEXT  exceeds 100% in back pressure mode (value:    1.42800).
Possible error in table GDATA:   The fuel efficiency for technology GNR_ST_WOOD_EXT_E-45             type GEXT  exceeds 100% in back pressure mode (value:    1.03846).
Possible error in table GDATA:   The fuel efficiency for technology LINKOPING_ST_COAL_EXT            type GEXT  exceeds 100% in back pressure mode (value:    1.24265).
#
Error in table GDATA:   The GDLIFETIME value for technology ADAM-1_ST_LIGNITE_EXT            must be a positive integer - it has no value.
Error in table GDATA:   The GDLIFETIME value for technology ADAM-2_ST_LIGNITE_CON            must be a positive integer - it has no value.
Error in table GDATA:   The GDLIFETIME value for technology AGG-DE4-E_ES_ELEC                must be a positive integer - it has no value.
#
Error in table GDATA:   The GDLIFETIME value for technology GNR_ENG_NGAS_EXT_E-44            must be a positive integer, value is        22.50.
Error in table GDATA:   The GDLIFETIME value for technology GNR_ENG_RETORT-GAS_E-44          must be a positive integer, value is        22.50.
Error in table GDATA:   The GDLIFETIME value for technology GNR_IND-DF_ELEC_E-100_MS-5-MW_Y- must be a positive integer, value is        12.50.
#

   98 errors were detected in the input data before simulation.
See the file error2.inc for details about the error.

BB4: Presently there are only rudimentaty checks on the solution - TODO

BB4: Presently there are only rudimentaty checks on the solution - TODO

