
The input data was investigated for obvious errors.
Investigation is only performed for data that are to be included in the model.

Electricity third regions variation X3FX_VAR_T must have positive values for all RRR, it seems not to have for DK1
Electricity third regions variation X3FX_VAR_T must have positive values for all RRR, it seems not to have for DK2
Electricity third regions variation X3FX_VAR_T must have positive values for all RRR, it seems not to have for NO1
Electricity third regions variation X3FX_VAR_T must have positive values for all RRR, it seems not to have for NO3
Electricity third regions variation X3FX_VAR_T must have positive values for all RRR, it seems not to have for NO4
#
Possible Error: The Full Load Hours calculated on (S,T) from the variation profile DE_VAR_T is not close to the Full Load Hours calculated on (SSS,TTT) for region DK2                             , user group RESE        : 5799 against 5214: The electricity demand variation DE_VAR_T(,,S,T) appears mostly to be closer to the peak than expected from DE_VAR_T(,,SSS,TTT).
Possible Error: The Full Load Hours calculated on (S,T) from the variation profile DE_VAR_T is not close to the Full Load Hours calculated on (SSS,TTT) for region DK2                             , user group OTHER       : 5799 against 5214: The electricity demand variation DE_VAR_T(,,S,T) appears mostly to be closer to the peak than expected from DE_VAR_T(,,SSS,TTT).
Possible Error: The Full Load Hours calculated on (S,T) from the variation profile DE_VAR_T is not close to the Full Load Hours calculated on (SSS,TTT) for region NO3                             , user group RESE        : 5532 against 4938: The electricity demand variation DE_VAR_T(,,S,T) appears mostly to be closer to the peak than expected from DE_VAR_T(,,SSS,TTT).
Possible Error: The Full Load Hours calculated on (S,T) from the variation profile DE_VAR_T is not close to the Full Load Hours calculated on (SSS,TTT) for region NO3                             , user group OTHER       : 5532 against 4938: The electricity demand variation DE_VAR_T(,,S,T) appears mostly to be closer to the peak than expected from DE_VAR_T(,,SSS,TTT).
   The above check on reasonable consistency between the FLHs calculated from the input variation profile over (SSS,TTT) (the whole year) and over (S,T) (the time segments selected):
   For the calculation and check to make sense is must be assumed that DE_VAR_T and DH_VAR_T are given for a whole year, i.e., CARD(SSS)*CARD(TTT) = 8736 ('whole' year).
   It is also assumed that the weights of the segments is in such full-year case the same for all (SSS,TTT), i.e., the corresponding IHOURSINST(SSS,TTT) are the same for all time segments.
   The above check on Full Load Hours FLH was made with a tolerance on the quotient of 0.100.
   CARD(S)*CARD(T) is  224, if this number is much smaller than 8736 this may be the explanation, e.g. if the S and T selected do not contain DE_VAR_T or DH_VAR_T values that are representative for the whole year.
#
Possible Error: The Full Load Hours calculated on (S,T) from the variation profile DH_VAR_T is not close to the Full Load Hours calculated on (SSS,TTT) for area   NO1_A2                          , user group RESH        : 3405 against 2474: The heat demand variation DH_VAR_T,,S,T) appears mostly to be closer to the peak than expected from DH_VAR_T(,,SSS,TTT).
Possible Error: The Full Load Hours calculated on (S,T) from the variation profile DH_VAR_T is not close to the Full Load Hours calculated on (SSS,TTT) for area   NO1_A3                          , user group RESH        : 2997 against 2531: The heat demand variation DH_VAR_T,,S,T) appears mostly to be closer to the peak than expected from DH_VAR_T(,,SSS,TTT).
Possible Error: The Full Load Hours calculated on (S,T) from the variation profile DH_VAR_T is not close to the Full Load Hours calculated on (SSS,TTT) for area   NO2_A2                          , user group RESH        : 2591 against 2235: The heat demand variation DH_VAR_T,,S,T) appears mostly to be closer to the peak than expected from DH_VAR_T(,,SSS,TTT).
Possible Error: The Full Load Hours calculated on (S,T) from the variation profile DH_VAR_T is not close to the Full Load Hours calculated on (SSS,TTT) for area   NO3_A2                          , user group RESH        : 3386 against 2592: The heat demand variation DH_VAR_T,,S,T) appears mostly to be closer to the peak than expected from DH_VAR_T(,,SSS,TTT).
Possible Error: The Full Load Hours calculated on (S,T) from the variation profile DH_VAR_T is not close to the Full Load Hours calculated on (SSS,TTT) for area   NO3_A3                          , user group RESH        : 3269 against 2528: The heat demand variation DH_VAR_T,,S,T) appears mostly to be closer to the peak than expected from DH_VAR_T(,,SSS,TTT).
Possible Error: The Full Load Hours calculated on (S,T) from the variation profile DH_VAR_T is not close to the Full Load Hours calculated on (SSS,TTT) for area   NO4_A2                          , user group RESH        : 3769 against 2767: The heat demand variation DH_VAR_T,,S,T) appears mostly to be closer to the peak than expected from DH_VAR_T(,,SSS,TTT).
Possible Error: The Full Load Hours calculated on (S,T) from the variation profile DH_VAR_T is not close to the Full Load Hours calculated on (SSS,TTT) for area   NO5_A2                          , user group RESH        : 3368 against 2471: The heat demand variation DH_VAR_T,,S,T) appears mostly to be closer to the peak than expected from DH_VAR_T(,,SSS,TTT).
Possible Error: The Full Load Hours calculated on (S,T) from the variation profile DH_VAR_T is not close to the Full Load Hours calculated on (SSS,TTT) for area   DK1_Large                       , user group RESH        : 4338 against 3695: The heat demand variation DH_VAR_T,,S,T) appears mostly to be closer to the peak than expected from DH_VAR_T(,,SSS,TTT).
Possible Error: The Full Load Hours calculated on (S,T) from the variation profile DH_VAR_T is not close to the Full Load Hours calculated on (SSS,TTT) for area   DK2_Large                       , user group RESH        : 4338 against 3694: The heat demand variation DH_VAR_T,,S,T) appears mostly to be closer to the peak than expected from DH_VAR_T(,,SSS,TTT).
   The above check on reasonable consistency between the FLHs calculated from the input variation profile over (SSS,TTT) (the whole year) and over (S,T) (the time segments selected):
   For the calculation and check to make sense is must be assumed that DE_VAR_T and DH_VAR_T are given for a whole year, i.e., CARD(SSS)*CARD(TTT) = 8736 ('whole' year).
   It is also assumed that the weights of the segments is in such full-year case the same for all (SSS,TTT), i.e., the corresponding IHOURSINST(SSS,TTT) are the same for all time segments.
   The above check on Full Load Hours FLH was made with a tolerance on the quotient of 0.100.
   CARD(S)*CARD(T) is  224, if this number is much smaller than 8736 this may be the explanation, e.g. if the S and T selected do not contain DE_VAR_T or DH_VAR_T values that are representative for the whole year.
#
Possible Error: The Full Load Hours calculated on (S,T) from the variation profile given by WTRRSVAR_S is not close to the value given in WTRRSFLH for area NO1_A1                          :    7 against 3018: The generation profile in the simulation appears mostly to be further from the (higher) peak than expected from WTRRSVAR_S(AAA,SSS,TTT).
Possible Error: The Full Load Hours calculated on (S,T) from the variation profile given by WTRRSVAR_S is not close to the value given in WTRRSFLH for area NO1_A1                          :    7 against 3018: The generation profile in the simulation appears mostly to be further from the (higher) peak than expected from WTRRSVAR_S(AAA,SSS,TTT).
Possible Error: The Full Load Hours calculated on (S,T) from the variation profile given by WTRRSVAR_S is not close to the value given in WTRRSFLH for area NO1_A1                          :    7 against 3018: The generation profile in the simulation appears mostly to be further from the (higher) peak than expected from WTRRSVAR_S(AAA,SSS,TTT).
Possible Error: The Full Load Hours calculated on (S,T) from the variation profile given by WTRRSVAR_S is not close to the value given in WTRRSFLH for area NO1_A1                          :    7 against 3018: The generation profile in the simulation appears mostly to be further from the (higher) peak than expected from WTRRSVAR_S(AAA,SSS,TTT).
Possible Error: The Full Load Hours calculated on (S,T) from the variation profile given by WTRRSVAR_S is not close to the value given in WTRRSFLH for area NO1_A1                          :    7 against 3018: The generation profile in the simulation appears mostly to be further from the (higher) peak than expected from WTRRSVAR_S(AAA,SSS,TTT).
Possible Error: The Full Load Hours calculated on (S,T) from the variation profile given by WTRRSVAR_S is not close to the value given in WTRRSFLH for area NO1_A1                          :    7 against 3018: The generation profile in the simulation appears mostly to be further from the (higher) peak than expected from WTRRSVAR_S(AAA,SSS,TTT).
Possible Error: The Full Load Hours calculated on (S,T) from the variation profile given by WTRRSVAR_S is not close to the value given in WTRRSFLH for area NO1_A1                          :    7 against 3018: The generation profile in the simulation appears mostly to be further from the (higher) peak than expected from WTRRSVAR_S(AAA,SSS,TTT).
Possible Error: The Full Load Hours calculated on (S,T) from the variation profile given by WTRRSVAR_S is not close to the value given in WTRRSFLH for area NO1_A1                          :    7 against 3018: The generation profile in the simulation appears mostly to be further from the (higher) peak than expected from WTRRSVAR_S(AAA,SSS,TTT).
Possible Error: The Full Load Hours calculated on (S,T) from the variation profile given by WTRRSVAR_S is not close to the value given in WTRRSFLH for area NO1_A1                          :    7 against 3018: The generation profile in the simulation appears mostly to be further from the (higher) peak than expected from WTRRSVAR_S(AAA,SSS,TTT).
Possible Error: The Full Load Hours calculated on (S,T) from the variation profile given by WTRRSVAR_S is not close to the value given in WTRRSFLH for area NO1_A1                          :    7 against 3018: The generation profile in the simulation appears mostly to be further from the (higher) peak than expected from WTRRSVAR_S(AAA,SSS,TTT).
Possible Error: The Full Load Hours calculated on (S,T) from the variation profile given by WTRRSVAR_S is not close to the value given in WTRRSFLH for area NO2_A1                          :   11 against 4225: The generation profile in the simulation appears mostly to be further from the (higher) peak than expected from WTRRSVAR_S(AAA,SSS,TTT).
Possible Error: The Full Load Hours calculated on (S,T) from the variation profile given by WTRRSVAR_S is not close to the value given in WTRRSFLH for area NO2_A1                          :   11 against 4225: The generation profile in the simulation appears mostly to be further from the (higher) peak than expected from WTRRSVAR_S(AAA,SSS,TTT).
Possible Error: The Full Load Hours calculated on (S,T) from the variation profile given by WTRRSVAR_S is not close to the value given in WTRRSFLH for area NO2_A1                          :   11 against 4225: The generation profile in the simulation appears mostly to be further from the (higher) peak than expected from WTRRSVAR_S(AAA,SSS,TTT).
Possible Error: The Full Load Hours calculated on (S,T) from the variation profile given by WTRRSVAR_S is not close to the value given in WTRRSFLH for area NO2_A1                          :   11 against 4225: The generation profile in the simulation appears mostly to be further from the (higher) peak than expected from WTRRSVAR_S(AAA,SSS,TTT).
Possible Error: The Full Load Hours calculated on (S,T) from the variation profile given by WTRRSVAR_S is not close to the value given in WTRRSFLH for area NO2_A1                          :   11 against 4225: The generation profile in the simulation appears mostly to be further from the (higher) peak than expected from WTRRSVAR_S(AAA,SSS,TTT).
Possible Error: The Full Load Hours calculated on (S,T) from the variation profile given by WTRRSVAR_S is not close to the value given in WTRRSFLH for area NO2_A1                          :   11 against 4225: The generation profile in the simulation appears mostly to be further from the (higher) peak than expected from WTRRSVAR_S(AAA,SSS,TTT).
Possible Error: The Full Load Hours calculated on (S,T) from the variation profile given by WTRRSVAR_S is not close to the value given in WTRRSFLH for area NO2_A1                          :   11 against 4225: The generation profile in the simulation appears mostly to be further from the (higher) peak than expected from WTRRSVAR_S(AAA,SSS,TTT).
Possible Error: The Full Load Hours calculated on (S,T) from the variation profile given by WTRRSVAR_S is not close to the value given in WTRRSFLH for area NO2_A1                          :   11 against 4225: The generation profile in the simulation appears mostly to be further from the (higher) peak than expected from WTRRSVAR_S(AAA,SSS,TTT).
Possible Error: The Full Load Hours calculated on (S,T) from the variation profile given by WTRRSVAR_S is not close to the value given in WTRRSFLH for area NO2_A1                          :   11 against 4225: The generation profile in the simulation appears mostly to be further from the (higher) peak than expected from WTRRSVAR_S(AAA,SSS,TTT).
Possible Error: The Full Load Hours calculated on (S,T) from the variation profile given by WTRRSVAR_S is not close to the value given in WTRRSFLH for area NO2_A1                          :   11 against 4225: The generation profile in the simulation appears mostly to be further from the (higher) peak than expected from WTRRSVAR_S(AAA,SSS,TTT).
Possible Error: The Full Load Hours calculated on (S,T) from the variation profile given by WTRRSVAR_S is not close to the value given in WTRRSFLH for area NO2_A1                          :   11 against 4225: The generation profile in the simulation appears mostly to be further from the (higher) peak than expected from WTRRSVAR_S(AAA,SSS,TTT).
Possible Error: The Full Load Hours calculated on (S,T) from the variation profile given by WTRRSVAR_S is not close to the value given in WTRRSFLH for area NO3_A1                          :   12 against 4441: The generation profile in the simulation appears mostly to be further from the (higher) peak than expected from WTRRSVAR_S(AAA,SSS,TTT).
Possible Error: The Full Load Hours calculated on (S,T) from the variation profile given by WTRRSVAR_S is not close to the value given in WTRRSFLH for area NO3_A1                          :   12 against 4441: The generation profile in the simulation appears mostly to be further from the (higher) peak than expected from WTRRSVAR_S(AAA,SSS,TTT).
Possible Error: The Full Load Hours calculated on (S,T) from the variation profile given by WTRRSVAR_S is not close to the value given in WTRRSFLH for area NO3_A1                          :   12 against 4441: The generation profile in the simulation appears mostly to be further from the (higher) peak than expected from WTRRSVAR_S(AAA,SSS,TTT).
Possible Error: The Full Load Hours calculated on (S,T) from the variation profile given by WTRRSVAR_S is not close to the value given in WTRRSFLH for area NO3_A1                          :   12 against 4441: The generation profile in the simulation appears mostly to be further from the (higher) peak than expected from WTRRSVAR_S(AAA,SSS,TTT).
Possible Error: The Full Load Hours calculated on (S,T) from the variation profile given by WTRRSVAR_S is not close to the value given in WTRRSFLH for area NO3_A1                          :   12 against 4441: The generation profile in the simulation appears mostly to be further from the (higher) peak than expected from WTRRSVAR_S(AAA,SSS,TTT).
Possible Error: The Full Load Hours calculated on (S,T) from the variation profile given by WTRRSVAR_S is not close to the value given in WTRRSFLH for area NO3_A1                          :   12 against 4441: The generation profile in the simulation appears mostly to be further from the (higher) peak than expected from WTRRSVAR_S(AAA,SSS,TTT).
Possible Error: The Full Load Hours calculated on (S,T) from the variation profile given by WTRRSVAR_S is not close to the value given in WTRRSFLH for area NO3_A1                          :   12 against 4441: The generation profile in the simulation appears mostly to be further from the (higher) peak than expected from WTRRSVAR_S(AAA,SSS,TTT).
Possible Error: The Full Load Hours calculated on (S,T) from the variation profile given by WTRRSVAR_S is not close to the value given in WTRRSFLH for area NO3_A1                          :   12 against 4441: The generation profile in the simulation appears mostly to be further from the (higher) peak than expected from WTRRSVAR_S(AAA,SSS,TTT).
Possible Error: The Full Load Hours calculated on (S,T) from the variation profile given by WTRRSVAR_S is not close to the value given in WTRRSFLH for area NO3_A1                          :   12 against 4441: The generation profile in the simulation appears mostly to be further from the (higher) peak than expected from WTRRSVAR_S(AAA,SSS,TTT).
Possible Error: The Full Load Hours calculated on (S,T) from the variation profile given by WTRRSVAR_S is not close to the value given in WTRRSFLH for area NO3_A1                          :   12 against 4441: The generation profile in the simulation appears mostly to be further from the (higher) peak than expected from WTRRSVAR_S(AAA,SSS,TTT).
Possible Error: The Full Load Hours calculated on (S,T) from the variation profile given by WTRRSVAR_S is not close to the value given in WTRRSFLH for area NO3_A1                          :   12 against 4441: The generation profile in the simulation appears mostly to be further from the (higher) peak than expected from WTRRSVAR_S(AAA,SSS,TTT).
Possible Error: The Full Load Hours calculated on (S,T) from the variation profile given by WTRRSVAR_S is not close to the value given in WTRRSFLH for area NO4_A1                          :   12 against 5022: The generation profile in the simulation appears mostly to be further from the (higher) peak than expected from WTRRSVAR_S(AAA,SSS,TTT).
Possible Error: The Full Load Hours calculated on (S,T) from the variation profile given by WTRRSVAR_S is not close to the value given in WTRRSFLH for area NO4_A1                          :   12 against 5022: The generation profile in the simulation appears mostly to be further from the (higher) peak than expected from WTRRSVAR_S(AAA,SSS,TTT).
Possible Error: The Full Load Hours calculated on (S,T) from the variation profile given by WTRRSVAR_S is not close to the value given in WTRRSFLH for area NO4_A1                          :   12 against 5022: The generation profile in the simulation appears mostly to be further from the (higher) peak than expected from WTRRSVAR_S(AAA,SSS,TTT).
Possible Error: The Full Load Hours calculated on (S,T) from the variation profile given by WTRRSVAR_S is not close to the value given in WTRRSFLH for area NO4_A1                          :   12 against 5022: The generation profile in the simulation appears mostly to be further from the (higher) peak than expected from WTRRSVAR_S(AAA,SSS,TTT).
Possible Error: The Full Load Hours calculated on (S,T) from the variation profile given by WTRRSVAR_S is not close to the value given in WTRRSFLH for area NO4_A1                          :   12 against 5022: The generation profile in the simulation appears mostly to be further from the (higher) peak than expected from WTRRSVAR_S(AAA,SSS,TTT).
Possible Error: The Full Load Hours calculated on (S,T) from the variation profile given by WTRRSVAR_S is not close to the value given in WTRRSFLH for area NO4_A1                          :   12 against 5022: The generation profile in the simulation appears mostly to be further from the (higher) peak than expected from WTRRSVAR_S(AAA,SSS,TTT).
Possible Error: The Full Load Hours calculated on (S,T) from the variation profile given by WTRRSVAR_S is not close to the value given in WTRRSFLH for area NO4_A1                          :   12 against 5022: The generation profile in the simulation appears mostly to be further from the (higher) peak than expected from WTRRSVAR_S(AAA,SSS,TTT).
Possible Error: The Full Load Hours calculated on (S,T) from the variation profile given by WTRRSVAR_S is not close to the value given in WTRRSFLH for area NO4_A1                          :   12 against 5022: The generation profile in the simulation appears mostly to be further from the (higher) peak than expected from WTRRSVAR_S(AAA,SSS,TTT).
Possible Error: The Full Load Hours calculated on (S,T) from the variation profile given by WTRRSVAR_S is not close to the value given in WTRRSFLH for area NO4_A1                          :   12 against 5022: The generation profile in the simulation appears mostly to be further from the (higher) peak than expected from WTRRSVAR_S(AAA,SSS,TTT).
Possible Error: The Full Load Hours calculated on (S,T) from the variation profile given by WTRRSVAR_S is not close to the value given in WTRRSFLH for area NO4_A1                          :   12 against 5022: The generation profile in the simulation appears mostly to be further from the (higher) peak than expected from WTRRSVAR_S(AAA,SSS,TTT).
Possible Error: The Full Load Hours calculated on (S,T) from the variation profile given by WTRRSVAR_S is not close to the value given in WTRRSFLH for area NO5_A1                          :   10 against 4247: The generation profile in the simulation appears mostly to be further from the (higher) peak than expected from WTRRSVAR_S(AAA,SSS,TTT).
Possible Error: The Full Load Hours calculated on (S,T) from the variation profile given by WTRRSVAR_S is not close to the value given in WTRRSFLH for area NO5_A1                          :   10 against 4247: The generation profile in the simulation appears mostly to be further from the (higher) peak than expected from WTRRSVAR_S(AAA,SSS,TTT).
Possible Error: The Full Load Hours calculated on (S,T) from the variation profile given by WTRRSVAR_S is not close to the value given in WTRRSFLH for area NO5_A1                          :   10 against 4247: The generation profile in the simulation appears mostly to be further from the (higher) peak than expected from WTRRSVAR_S(AAA,SSS,TTT).
Possible Error: The Full Load Hours calculated on (S,T) from the variation profile given by WTRRSVAR_S is not close to the value given in WTRRSFLH for area NO5_A1                          :   10 against 4247: The generation profile in the simulation appears mostly to be further from the (higher) peak than expected from WTRRSVAR_S(AAA,SSS,TTT).
Possible Error: The Full Load Hours calculated on (S,T) from the variation profile given by WTRRSVAR_S is not close to the value given in WTRRSFLH for area NO5_A1                          :   10 against 4247: The generation profile in the simulation appears mostly to be further from the (higher) peak than expected from WTRRSVAR_S(AAA,SSS,TTT).
Possible Error: The Full Load Hours calculated on (S,T) from the variation profile given by WTRRSVAR_S is not close to the value given in WTRRSFLH for area NO5_A1                          :   10 against 4247: The generation profile in the simulation appears mostly to be further from the (higher) peak than expected from WTRRSVAR_S(AAA,SSS,TTT).
Possible Error: The Full Load Hours calculated on (S,T) from the variation profile given by WTRRSVAR_S is not close to the value given in WTRRSFLH for area NO5_A1                          :   10 against 4247: The generation profile in the simulation appears mostly to be further from the (higher) peak than expected from WTRRSVAR_S(AAA,SSS,TTT).
Possible Error: The Full Load Hours calculated on (S,T) from the variation profile given by WTRRSVAR_S is not close to the value given in WTRRSFLH for area NO5_A1                          :   10 against 4247: The generation profile in the simulation appears mostly to be further from the (higher) peak than expected from WTRRSVAR_S(AAA,SSS,TTT).
Possible Error: The Full Load Hours calculated on (S,T) from the variation profile given by WTRRSVAR_S is not close to the value given in WTRRSFLH for area NO5_A1                          :   10 against 4247: The generation profile in the simulation appears mostly to be further from the (higher) peak than expected from WTRRSVAR_S(AAA,SSS,TTT).
Possible Error: The Full Load Hours calculated on (S,T) from the variation profile given by WTRRSVAR_S is not close to the value given in WTRRSFLH for area NO5_A1                          :   10 against 4247: The generation profile in the simulation appears mostly to be further from the (higher) peak than expected from WTRRSVAR_S(AAA,SSS,TTT).
Possible Error: The Full Load Hours calculated on (S,T) from the variation profile given by WTRRSVAR_S is not close to the value given in WTRRSFLH for area NO5_A1                          :   10 against 4247: The generation profile in the simulation appears mostly to be further from the (higher) peak than expected from WTRRSVAR_S(AAA,SSS,TTT).
   The above check on Full Load Hours FLH was made with a tolerance on the quotient of 0.100
   CARD(S)*CARD(T) is  224, if this number is much smaller than 8736 this may be the explanation, e.g. if the S and T selected do not contain VAR_T values that are representative for the whole year.
#
Possible Error: The Full Load Hours calculated on (S,T) from the variation profile given by WTRRRVAR_S is not close to the value given in WTRRRFLH for area NO1_A1                          : 4700 against 4175: The generation profile in the simulation appears mostly to be closer  to the (lower) peak than expected from WTRRRVAR_T(AAA,SSS,TTT).
Possible Error: The Full Load Hours calculated on (S,T) from the variation profile given by WTRRRVAR_S is not close to the value given in WTRRRFLH for area NO3_A1                          : 4464 against 3857: The generation profile in the simulation appears mostly to be closer  to the (lower) peak than expected from WTRRRVAR_T(AAA,SSS,TTT).
   The above check on Full Load Hours FLH was made with a tolerance on the quotient of 0.100
   CARD(S)*CARD(T) is  224, if this number is much smaller than 8736 this may be the explanation, e.g. if the S and T selected do not contain VAR_T values that are representative for the whole year.
#
Possible Error: The Full Load Hours calculated on (S,T) from the variation profile given by WND_VAR_T  is not close to the value given in WNDFLH   for area NO1_A1                          : 4749 against 3267: The generation profile in the simulation appears mostly to be closer  to the (lower) peak than expected from WND_VAR_T(AAA,SSS,TTT).
Possible Error: The Full Load Hours calculated on (S,T) from the variation profile given by WND_VAR_T  is not close to the value given in WNDFLH   for area NO2_A1                          : 4749 against 3267: The generation profile in the simulation appears mostly to be closer  to the (lower) peak than expected from WND_VAR_T(AAA,SSS,TTT).
Possible Error: The Full Load Hours calculated on (S,T) from the variation profile given by WND_VAR_T  is not close to the value given in WNDFLH   for area NO3_A1                          : 4406 against 3393: The generation profile in the simulation appears mostly to be closer  to the (lower) peak than expected from WND_VAR_T(AAA,SSS,TTT).
Possible Error: The Full Load Hours calculated on (S,T) from the variation profile given by WND_VAR_T  is not close to the value given in WNDFLH   for area NO4_A1                          : 4546 against 3521: The generation profile in the simulation appears mostly to be closer  to the (lower) peak than expected from WND_VAR_T(AAA,SSS,TTT).
Possible Error: The Full Load Hours calculated on (S,T) from the variation profile given by WND_VAR_T  is not close to the value given in WNDFLH   for area DK2_NoDH                        : 3726 against 2369: The generation profile in the simulation appears mostly to be closer  to the (lower) peak than expected from WND_VAR_T(AAA,SSS,TTT).
Possible Error: The Full Load Hours calculated on (S,T) from the variation profile given by WND_VAR_T  is not close to the value given in WNDFLH   for area DK1_NoDH                        : 3692 against 2202: The generation profile in the simulation appears mostly to be closer  to the (lower) peak than expected from WND_VAR_T(AAA,SSS,TTT).
Possible Error: The Full Load Hours calculated on (S,T) from the variation profile given by WND_VAR_T  is not close to the value given in WNDFLH   for area DK1_Offshore                    : 5431 against 3873: The generation profile in the simulation appears mostly to be closer  to the (lower) peak than expected from WND_VAR_T(AAA,SSS,TTT).
Possible Error: The Full Load Hours calculated on (S,T) from the variation profile given by WND_VAR_T  is not close to the value given in WNDFLH   for area DK2_Offshore                    : 4335 against 2969: The generation profile in the simulation appears mostly to be closer  to the (lower) peak than expected from WND_VAR_T(AAA,SSS,TTT).
   The above check on Full Load Hours FLH was made with a tolerance on the quotient of 0.100
   CARD(S)*CARD(T) is  224, if this number is much smaller than 8736 this may be the explanation, e.g. if the S and T selected do not contain VAR_T values that are representative for the whole year.
#
Possible Error: The Full Load Hours calculated on (S,T) from the variation profile given by SOLEVAR_S  is not close to the value given in SOLEFLH  for area DK2_NoDH                        : 1355 against 1127: The generation profile in the simulation appears mostly to be closer  to the (lower) peak than expected from SOLE_VAR_T(AAA,SSS,TTT).
Possible Error: The Full Load Hours calculated on (S,T) from the variation profile given by SOLEVAR_S  is not close to the value given in SOLEFLH  for area DK1_NoDH                        : 1442 against 1086: The generation profile in the simulation appears mostly to be closer  to the (lower) peak than expected from SOLE_VAR_T(AAA,SSS,TTT).
   The above check on Full Load Hours FLH was made with a tolerance on the quotient of 0.100
   CARD(S)*CARD(T) is  224, if this number is much smaller than 8736 this may be the explanation, e.g. if the S and T selected do not contain VAR_T values that are representative for the whole year.
#
Possible Error: The Full Load Hours calculated on (S,T) from the variation profile given by SOLHVAR_S is not close to the value given in SOLHFLH for area DK1_Large                       :  809 against  520: The generation profile in the simulation appears mostly to be closer  to the (lower) peak than expected from SOLH_VAR_T(AAA,SSS,TTT).
Possible Error: The Full Load Hours calculated on (S,T) from the variation profile given by SOLHVAR_S is not close to the value given in SOLHFLH for area DK1_Rural                       :  809 against  520: The generation profile in the simulation appears mostly to be closer  to the (lower) peak than expected from SOLH_VAR_T(AAA,SSS,TTT).
Possible Error: The Full Load Hours calculated on (S,T) from the variation profile given by SOLHVAR_S is not close to the value given in SOLHFLH for area DK1_Medium                      :  809 against  520: The generation profile in the simulation appears mostly to be closer  to the (lower) peak than expected from SOLH_VAR_T(AAA,SSS,TTT).
Possible Error: The Full Load Hours calculated on (S,T) from the variation profile given by SOLHVAR_S is not close to the value given in SOLHFLH for area DK2_Rural                       :  809 against  520: The generation profile in the simulation appears mostly to be closer  to the (lower) peak than expected from SOLH_VAR_T(AAA,SSS,TTT).
Possible Error: The Full Load Hours calculated on (S,T) from the variation profile given by SOLHVAR_S is not close to the value given in SOLHFLH for area DK2_Medium                      :  809 against  520: The generation profile in the simulation appears mostly to be closer  to the (lower) peak than expected from SOLH_VAR_T(AAA,SSS,TTT).
Possible Error: The Full Load Hours calculated on (S,T) from the variation profile given by SOLHVAR_S is not close to the value given in SOLHFLH for area DK2_MedSmall                    :  809 against  520: The generation profile in the simulation appears mostly to be closer  to the (lower) peak than expected from SOLH_VAR_T(AAA,SSS,TTT).
Possible Error: The Full Load Hours calculated on (S,T) from the variation profile given by SOLHVAR_S is not close to the value given in SOLHFLH for area DK1_MedSmall                    :  809 against  520: The generation profile in the simulation appears mostly to be closer  to the (lower) peak than expected from SOLH_VAR_T(AAA,SSS,TTT).
   The above check on Full Load Hours FLH was made with a tolerance on the quotient of 0.100
   CARD(S)*CARD(T) is  224, if this number is much smaller than 8736 this may be the explanation, e.g. if the S and T selected do not contain VAR_T values that are representative for the whole year.
#
                Found no GGG using fuel HEAVYFUELOIL    as specified in GDATA(GGG,'FDACRONYM')
                Found no GGG using fuel ORIMULSION      as specified in GDATA(GGG,'FDACRONYM')
                Found no GGG using fuel RECYCLEDWOOD    as specified in GDATA(GGG,'FDACRONYM')
                Found no GGG using fuel LPG             as specified in GDATA(GGG,'FDACRONYM')
                Found no GGG using fuel WATERRES        as specified in GDATA(GGG,'FDACRONYM')
                Found no GGG using fuel THERMGAS        as specified in GDATA(GGG,'FDACRONYM')
                Found no GGG using fuel COAL_EXETS      as specified in GDATA(GGG,'FDACRONYM')
                Found no GGG using fuel NATGAS_EXETS    as specified in GDATA(GGG,'FDACRONYM')
                Found no GGG using fuel FUELOIL_EXETS   as specified in GDATA(GGG,'FDACRONYM')
                Found no GGG using fuel LPG_EXETS       as specified in GDATA(GGG,'FDACRONYM')
                Found no GGG using fuel HEAVYFUELOIL_EX as specified in GDATA(GGG,'FDACRONYM')
                Found no GGG using fuel COKE            as specified in GDATA(GGG,'FDACRONYM')
Possible Error: Not all elements in fuel set FFF are used in a GGG - OR - some element in fuel set FFF does not have a corresponding acronym.
                Acronyms should be entered in data file FFF.inc, after the final '/;', and must be made as an exact copy of the elements in the set FFF, preceded by the keyword ACRONYM and terminated by ';'.

#
Error in table GDATA:   The fuel efficiency for technology GNR_OFF_HUB_2GW_Y-2020           is very small (   0.00000).
Error in table GDATA:   The fuel efficiency for technology GNR_OFF_HUB_2GW_Y-2030           is very small (   0.00000).
Error in table GDATA:   The fuel efficiency for technology GNR_OFF_HUB_2GW_Y-2040           is very small (   0.00000).
Error in table GDATA:   The fuel efficiency for technology GNR_OFF_HUB_2GW_Y-2050           is very small (   0.00000).
#
Possible error in table GDATA:
   The fuel efficiency for technology GNR_HP_ELEC_COP-1200_Y-2030      is very small or very large (  12.00000).
Possible error in table GDATA:
   The fuel efficiency for technology GNR_HP_ELEC_COP-1800_Y-2050      is very small or very large (  18.00000).
Possible error in table GDATA:
   The fuel efficiency for technology GNR_HP_ELEC_COP-530              is very small or very large (   5.30000).
Possible error in table GDATA:
   The fuel efficiency for technology GNR_HP_ELEC_COP-600              is very small or very large (   6.00000).
Possible error in table GDATA:
   The fuel efficiency for technology GNR_HP_ELEC_COP-600_Y-2030       is very small or very large (   6.00000).
Possible error in table GDATA:
   The fuel efficiency for technology GNR_HP_ELEC_COP-600_Y-2050       is very small or very large (   6.00000).
Possible error in table GDATA:
   The fuel efficiency for technology GNR_HP_ELEC_COP-740_Y-2050       is very small or very large (   7.40000).
Possible error in table GDATA:
   The fuel efficiency for technology GNR_HP_ELEC_COP-900_Y-2020       is very small or very large (   9.00000).
#
Possible error in table GDATA:   The fuel efficiency for technology GNR_ST_WOOD_EXT_E-14             type GEXT  exceeds 100% in back pressure mode (value:    1.42800).
Possible error in table GDATA:   The fuel efficiency for technology GNR_ST_WOOD_EXT_E-45             type GEXT  